二月 23, 2019 11:01:30 上午 org.apache.catalina.core.AprLifecycleListener init
信息: The APR based Apache Tomcat Native library which allows optimal performance in production environments was not found on the java.library.path: C:\Program Files\Java\jdk1.8.0_181\bin;C:\WINDOWS\Sun\Java\bin;C:\WINDOWS\system32;C:\WINDOWS;C:\Program Files\Java\jdk1.8.0_181\bin;C:\Program Files (x86)\Intel\iCLS Client\;C:\Program Files\Intel\iCLS Client\;C:\windows\system32;C:\windows;C:\windows\System32\Wbem;C:\windows\System32\WindowsPowerShell\v1.0\;C:\Program Files (x86)\Intel\Intel(R) Management Engine Components\DAL;C:\Program Files\Intel\Intel(R) Management Engine Components\DAL;C:\Program Files (x86)\Intel\Intel(R) Management Engine Components\IPT;C:\Program Files\Intel\Intel(R) Management Engine Components\IPT;C:\Program Files (x86)\NVIDIA Corporation\PhysX\Common;C:\Program Files\MySQL\MySQL Utilities 1.6\;C:\WINDOWS\system32;C:\WINDOWS;C:\WINDOWS\System32\Wbem;C:\WINDOWS\System32\WindowsPowerShell\v1.0\;D:\spark\scala-2.11.8\bin;C:\WINDOWS\System32\OpenSSH\;D:\apache-maven-3.2.2\bin;C:\hadoop\bin;C:\Program Files\TortoiseSVN\bin;C:\Program Files\Git\cmd;C:\Program Files (x86)\Microsoft SQL Server\100\Tools\Binn\;C:\Program Files\Microsoft SQL Server\100\Tools\Binn\;C:\Program Files\Microsoft SQL Server\100\DTS\Binn\;C:\Program Files (x86)\Microsoft SQL Server\100\Tools\Binn\VSShell\Common7\IDE\;C:\Program Files (x86)\Microsoft Visual Studio 9.0\Common7\IDE\PrivateAssemblies\;C:\Program Files (x86)\Microsoft SQL Server\100\DTS\Binn\;D:\Anaconda3;D:\Anaconda3\Library\mingw-w64\bin;D:\Anaconda3\Library\usr\bin;D:\Anaconda3\Library\bin;D:\Anaconda3\Scripts;D:\Program Files\Python37\Scripts\;D:\Program Files\Python37\;C:\Users\ZLian\AppData\Local\Microsoft\WindowsApps;D:\Program Files\Docker Toolbox;.
二月 23, 2019 11:01:31 上午 org.apache.coyote.AbstractProtocol init
信息: Initializing ProtocolHandler ["http-bio-9100"]
二月 23, 2019 11:01:31 上午 org.apache.coyote.AbstractProtocol init
信息: Initializing ProtocolHandler ["ajp-bio-8009"]
二月 23, 2019 11:01:31 上午 org.apache.catalina.startup.Catalina load
信息: Initialization processed in 444 ms
二月 23, 2019 11:01:31 上午 org.apache.catalina.core.StandardService startInternal
信息: Starting service Catalina
二月 23, 2019 11:01:31 上午 org.apache.catalina.core.StandardEngine startInternal
信息: Starting Servlet Engine: Apache Tomcat/7.0.52
二月 23, 2019 11:01:31 上午 org.apache.catalina.startup.HostConfig deployWAR
信息: Deploying web application archive D:\apache-tomcat-cas\webapps\cas.war
二月 23, 2019 11:01:37 上午 org.apache.catalina.startup.HostConfig deployDirectory
信息: Deploying web application directory D:\apache-tomcat-cas\webapps\docs
二月 23, 2019 11:01:37 上午 org.apache.catalina.startup.HostConfig deployDirectory
信息: Deploying web application directory D:\apache-tomcat-cas\webapps\examples
二月 23, 2019 11:01:38 上午 org.apache.catalina.startup.HostConfig deployDirectory
信息: Deploying web application directory D:\apache-tomcat-cas\webapps\host-manager
二月 23, 2019 11:01:38 上午 org.apache.catalina.startup.HostConfig deployDirectory
信息: Deploying web application directory D:\apache-tomcat-cas\webapps\manager
二月 23, 2019 11:01:38 上午 org.apache.catalina.startup.HostConfig deployDirectory
信息: Deploying web application directory D:\apache-tomcat-cas\webapps\ROOT
二月 23, 2019 11:01:38 上午 org.apache.coyote.AbstractProtocol start
信息: Starting ProtocolHandler ["http-bio-9100"]
二月 23, 2019 11:01:38 上午 org.apache.coyote.AbstractProtocol start
信息: Starting ProtocolHandler ["ajp-bio-8009"]
二月 23, 2019 11:01:38 上午 org.apache.catalina.startup.Catalina start
信息: Server startup in 6952 ms
二月 23, 2019 11:01:58 上午 org.apache.jasper.compiler.TldLocationsCache tldScanJar
信息: At least one JAR was scanned for TLDs yet contained no TLDs. Enable debug logging for this logger for a complete list of JARs that were scanned but no TLDs were found in them. Skipping unneeded JARs during scanning can improve startup time and JSP compilation time.
二月 23, 2019 11:43:23 上午 org.apache.catalina.core.AprLifecycleListener init
信息: The APR based Apache Tomcat Native library which allows optimal performance in production environments was not found on the java.library.path: C:\Program Files\Java\jdk1.8.0_181\bin;C:\WINDOWS\Sun\Java\bin;C:\WINDOWS\system32;C:\WINDOWS;C:\Program Files\Java\jdk1.8.0_181\bin;C:\Program Files (x86)\Intel\iCLS Client\;C:\Program Files\Intel\iCLS Client\;C:\windows\system32;C:\windows;C:\windows\System32\Wbem;C:\windows\System32\WindowsPowerShell\v1.0\;C:\Program Files (x86)\Intel\Intel(R) Management Engine Components\DAL;C:\Program Files\Intel\Intel(R) Management Engine Components\DAL;C:\Program Files (x86)\Intel\Intel(R) Management Engine Components\IPT;C:\Program Files\Intel\Intel(R) Management Engine Components\IPT;C:\Program Files (x86)\NVIDIA Corporation\PhysX\Common;C:\Program Files\MySQL\MySQL Utilities 1.6\;C:\WINDOWS\system32;C:\WINDOWS;C:\WINDOWS\System32\Wbem;C:\WINDOWS\System32\WindowsPowerShell\v1.0\;D:\spark\scala-2.11.8\bin;C:\WINDOWS\System32\OpenSSH\;D:\apache-maven-3.2.2\bin;C:\hadoop\bin;C:\Program Files\TortoiseSVN\bin;C:\Program Files\Git\cmd;C:\Program Files (x86)\Microsoft SQL Server\100\Tools\Binn\;C:\Program Files\Microsoft SQL Server\100\Tools\Binn\;C:\Program Files\Microsoft SQL Server\100\DTS\Binn\;C:\Program Files (x86)\Microsoft SQL Server\100\Tools\Binn\VSShell\Common7\IDE\;C:\Program Files (x86)\Microsoft Visual Studio 9.0\Common7\IDE\PrivateAssemblies\;C:\Program Files (x86)\Microsoft SQL Server\100\DTS\Binn\;D:\Anaconda3;D:\Anaconda3\Library\mingw-w64\bin;D:\Anaconda3\Library\usr\bin;D:\Anaconda3\Library\bin;D:\Anaconda3\Scripts;D:\Program Files\Python37\Scripts\;D:\Program Files\Python37\;C:\Users\ZLian\AppData\Local\Microsoft\WindowsApps;D:\Program Files\Docker Toolbox;.
二月 23, 2019 11:43:23 上午 org.apache.coyote.AbstractProtocol init
信息: Initializing ProtocolHandler ["http-bio-9100"]
二月 23, 2019 11:43:23 上午 org.apache.coyote.AbstractProtocol init
信息: Initializing ProtocolHandler ["ajp-bio-8009"]
二月 23, 2019 11:43:24 上午 org.apache.catalina.startup.Catalina load
信息: Initialization processed in 475 ms
二月 23, 2019 11:43:24 上午 org.apache.catalina.core.StandardService startInternal
信息: Starting service Catalina
二月 23, 2019 11:43:24 上午 org.apache.catalina.core.StandardEngine startInternal
信息: Starting Servlet Engine: Apache Tomcat/7.0.52
二月 23, 2019 11:43:24 上午 org.apache.catalina.startup.HostConfig deployWAR
信息: Deploying web application archive D:\apache-tomcat-cas\webapps\cas.war
二月 23, 2019 11:43:29 上午 org.apache.catalina.startup.HostConfig deployDirectory
信息: Deploying web application directory D:\apache-tomcat-cas\webapps\docs
二月 23, 2019 11:43:29 上午 org.apache.catalina.startup.HostConfig deployDirectory
信息: Deploying web application directory D:\apache-tomcat-cas\webapps\examples
二月 23, 2019 11:43:30 上午 org.apache.catalina.startup.HostConfig deployDirectory
信息: Deploying web application directory D:\apache-tomcat-cas\webapps\host-manager
二月 23, 2019 11:43:30 上午 org.apache.catalina.startup.HostConfig deployDirectory
信息: Deploying web application directory D:\apache-tomcat-cas\webapps\manager
二月 23, 2019 11:43:30 上午 org.apache.catalina.startup.HostConfig deployDirectory
信息: Deploying web application directory D:\apache-tomcat-cas\webapps\ROOT
二月 23, 2019 11:43:30 上午 org.apache.coyote.AbstractProtocol start
信息: Starting ProtocolHandler ["http-bio-9100"]
二月 23, 2019 11:43:30 上午 org.apache.coyote.AbstractProtocol start
信息: Starting ProtocolHandler ["ajp-bio-8009"]
二月 23, 2019 11:43:30 上午 org.apache.catalina.startup.Catalina start
信息: Server startup in 6159 ms
二月 23, 2019 11:44:53 上午 org.apache.jasper.compiler.TldLocationsCache tldScanJar
信息: At least one JAR was scanned for TLDs yet contained no TLDs. Enable debug logging for this logger for a complete list of JARs that were scanned but no TLDs were found in them. Skipping unneeded JARs during scanning can improve startup time and JSP compilation time.
二月 23, 2019 1:34:35 下午 org.apache.catalina.core.AprLifecycleListener init
信息: The APR based Apache Tomcat Native library which allows optimal performance in production environments was not found on the java.library.path: C:\Program Files\Java\jdk1.8.0_181\bin;C:\WINDOWS\Sun\Java\bin;C:\WINDOWS\system32;C:\WINDOWS;C:\Program Files\Java\jdk1.8.0_181\bin;C:\Program Files (x86)\Intel\iCLS Client\;C:\Program Files\Intel\iCLS Client\;C:\windows\system32;C:\windows;C:\windows\System32\Wbem;C:\windows\System32\WindowsPowerShell\v1.0\;C:\Program Files (x86)\Intel\Intel(R) Management Engine Components\DAL;C:\Program Files\Intel\Intel(R) Management Engine Components\DAL;C:\Program Files (x86)\Intel\Intel(R) Management Engine Components\IPT;C:\Program Files\Intel\Intel(R) Management Engine Components\IPT;C:\Program Files (x86)\NVIDIA Corporation\PhysX\Common;C:\Program Files\MySQL\MySQL Utilities 1.6\;C:\WINDOWS\system32;C:\WINDOWS;C:\WINDOWS\System32\Wbem;C:\WINDOWS\System32\WindowsPowerShell\v1.0\;D:\spark\scala-2.11.8\bin;C:\WINDOWS\System32\OpenSSH\;D:\apache-maven-3.2.2\bin;C:\hadoop\bin;C:\Program Files\TortoiseSVN\bin;C:\Program Files\Git\cmd;C:\Program Files (x86)\Microsoft SQL Server\100\Tools\Binn\;C:\Program Files\Microsoft SQL Server\100\Tools\Binn\;C:\Program Files\Microsoft SQL Server\100\DTS\Binn\;C:\Program Files (x86)\Microsoft SQL Server\100\Tools\Binn\VSShell\Common7\IDE\;C:\Program Files (x86)\Microsoft Visual Studio 9.0\Common7\IDE\PrivateAssemblies\;C:\Program Files (x86)\Microsoft SQL Server\100\DTS\Binn\;D:\Anaconda3;D:\Anaconda3\Library\mingw-w64\bin;D:\Anaconda3\Library\usr\bin;D:\Anaconda3\Library\bin;D:\Anaconda3\Scripts;D:\Program Files\Python37\Scripts\;D:\Program Files\Python37\;C:\Users\ZLian\AppData\Local\Microsoft\WindowsApps;D:\Program Files\Docker Toolbox;.
二月 23, 2019 1:34:35 下午 org.apache.coyote.AbstractProtocol init
信息: Initializing ProtocolHandler ["http-bio-9100"]
二月 23, 2019 1:34:35 下午 org.apache.coyote.AbstractProtocol init
信息: Initializing ProtocolHandler ["ajp-bio-8009"]
二月 23, 2019 1:34:35 下午 org.apache.catalina.startup.Catalina load
信息: Initialization processed in 481 ms
二月 23, 2019 1:34:35 下午 org.apache.catalina.core.StandardService startInternal
信息: Starting service Catalina
二月 23, 2019 1:34:35 下午 org.apache.catalina.core.StandardEngine startInternal
信息: Starting Servlet Engine: Apache Tomcat/7.0.52
二月 23, 2019 1:34:35 下午 org.apache.catalina.startup.HostConfig deployWAR
信息: Deploying web application archive D:\apache-tomcat-cas\webapps\cas.war
二月 23, 2019 1:34:44 下午 org.apache.catalina.startup.HostConfig deployDirectory
信息: Deploying web application directory D:\apache-tomcat-cas\webapps\docs
二月 23, 2019 1:34:44 下午 org.apache.catalina.startup.HostConfig deployDirectory
信息: Deploying web application directory D:\apache-tomcat-cas\webapps\examples
二月 23, 2019 1:34:45 下午 org.apache.catalina.startup.HostConfig deployDirectory
信息: Deploying web application directory D:\apache-tomcat-cas\webapps\host-manager
二月 23, 2019 1:34:45 下午 org.apache.catalina.startup.HostConfig deployDirectory
信息: Deploying web application directory D:\apache-tomcat-cas\webapps\manager
二月 23, 2019 1:34:45 下午 org.apache.catalina.startup.HostConfig deployDirectory
信息: Deploying web application directory D:\apache-tomcat-cas\webapps\ROOT
二月 23, 2019 1:34:45 下午 org.apache.coyote.AbstractProtocol start
信息: Starting ProtocolHandler ["http-bio-9100"]
二月 23, 2019 1:34:45 下午 org.apache.coyote.AbstractProtocol start
信息: Starting ProtocolHandler ["ajp-bio-8009"]
二月 23, 2019 1:34:45 下午 org.apache.catalina.startup.Catalina start
信息: Server startup in 9951 ms
二月 23, 2019 1:36:57 下午 org.apache.catalina.core.AprLifecycleListener init
信息: The APR based Apache Tomcat Native library which allows optimal performance in production environments was not found on the java.library.path: C:\Program Files\Java\jdk1.8.0_181\bin;C:\WINDOWS\Sun\Java\bin;C:\WINDOWS\system32;C:\WINDOWS;C:\Program Files\Java\jdk1.8.0_181\bin;C:\Program Files (x86)\Intel\iCLS Client\;C:\Program Files\Intel\iCLS Client\;C:\windows\system32;C:\windows;C:\windows\System32\Wbem;C:\windows\System32\WindowsPowerShell\v1.0\;C:\Program Files (x86)\Intel\Intel(R) Management Engine Components\DAL;C:\Program Files\Intel\Intel(R) Management Engine Components\DAL;C:\Program Files (x86)\Intel\Intel(R) Management Engine Components\IPT;C:\Program Files\Intel\Intel(R) Management Engine Components\IPT;C:\Program Files (x86)\NVIDIA Corporation\PhysX\Common;C:\Program Files\MySQL\MySQL Utilities 1.6\;C:\WINDOWS\system32;C:\WINDOWS;C:\WINDOWS\System32\Wbem;C:\WINDOWS\System32\WindowsPowerShell\v1.0\;D:\spark\scala-2.11.8\bin;C:\WINDOWS\System32\OpenSSH\;D:\apache-maven-3.2.2\bin;C:\hadoop\bin;C:\Program Files\TortoiseSVN\bin;C:\Program Files\Git\cmd;C:\Program Files (x86)\Microsoft SQL Server\100\Tools\Binn\;C:\Program Files\Microsoft SQL Server\100\Tools\Binn\;C:\Program Files\Microsoft SQL Server\100\DTS\Binn\;C:\Program Files (x86)\Microsoft SQL Server\100\Tools\Binn\VSShell\Common7\IDE\;C:\Program Files (x86)\Microsoft Visual Studio 9.0\Common7\IDE\PrivateAssemblies\;C:\Program Files (x86)\Microsoft SQL Server\100\DTS\Binn\;D:\Anaconda3;D:\Anaconda3\Library\mingw-w64\bin;D:\Anaconda3\Library\usr\bin;D:\Anaconda3\Library\bin;D:\Anaconda3\Scripts;D:\Program Files\Python37\Scripts\;D:\Program Files\Python37\;C:\Users\ZLian\AppData\Local\Microsoft\WindowsApps;D:\Program Files\Docker Toolbox;.
二月 23, 2019 1:36:58 下午 org.apache.coyote.AbstractProtocol init
信息: Initializing ProtocolHandler ["http-bio-9100"]
二月 23, 2019 1:36:58 下午 org.apache.coyote.AbstractProtocol init
信息: Initializing ProtocolHandler ["ajp-bio-8009"]
二月 23, 2019 1:36:58 下午 org.apache.catalina.startup.Catalina load
信息: Initialization processed in 617 ms
二月 23, 2019 1:36:58 下午 org.apache.catalina.core.StandardService startInternal
信息: Starting service Catalina
二月 23, 2019 1:36:58 下午 org.apache.catalina.core.StandardEngine startInternal
信息: Starting Servlet Engine: Apache Tomcat/7.0.52
二月 23, 2019 1:36:58 下午 org.apache.catalina.startup.HostConfig deployWAR
信息: Deploying web application archive D:\apache-tomcat-cas\webapps\cas.war
二月 23, 2019 1:37:07 下午 org.apache.catalina.startup.HostConfig deployDirectory
信息: Deploying web application directory D:\apache-tomcat-cas\webapps\docs
二月 23, 2019 1:37:07 下午 org.apache.catalina.startup.HostConfig deployDirectory
信息: Deploying web application directory D:\apache-tomcat-cas\webapps\examples
二月 23, 2019 1:37:07 下午 org.apache.catalina.startup.HostConfig deployDirectory
信息: Deploying web application directory D:\apache-tomcat-cas\webapps\host-manager
二月 23, 2019 1:37:07 下午 org.apache.catalina.startup.HostConfig deployDirectory
信息: Deploying web application directory D:\apache-tomcat-cas\webapps\manager
二月 23, 2019 1:37:08 下午 org.apache.catalina.startup.HostConfig deployDirectory
信息: Deploying web application directory D:\apache-tomcat-cas\webapps\ROOT
二月 23, 2019 1:37:08 下午 org.apache.coyote.AbstractProtocol start
信息: Starting ProtocolHandler ["http-bio-9100"]
二月 23, 2019 1:37:08 下午 org.apache.coyote.AbstractProtocol start
信息: Starting ProtocolHandler ["ajp-bio-8009"]
二月 23, 2019 1:37:08 下午 org.apache.catalina.startup.Catalina start
信息: Server startup in 9898 ms
二月 23, 2019 2:41:10 下午 org.apache.catalina.core.StandardServer await
警告: StandardServer.await: Invalid command '' received
二月 23, 2019 2:43:14 下午 org.apache.catalina.core.StandardServer await
警告: StandardServer.await: Invalid command '' received
二月 23, 2019 2:45:57 下午 org.apache.catalina.core.StandardServer await
警告: StandardServer.await: Invalid command '' received
二月 23, 2019 2:52:52 下午 org.apache.catalina.core.StandardServer await
警告: StandardServer.await: Invalid command '' received
二月 23, 2019 2:55:36 下午 org.apache.catalina.core.StandardServer await
警告: StandardServer.await: Invalid command '' received
二月 23, 2019 3:26:46 下午 org.apache.catalina.core.AprLifecycleListener init
信息: The APR based Apache Tomcat Native library which allows optimal performance in production environments was not found on the java.library.path: C:\Program Files\Java\jdk1.8.0_181\bin;C:\WINDOWS\Sun\Java\bin;C:\WINDOWS\system32;C:\WINDOWS;C:\Program Files\Java\jdk1.8.0_181\bin;C:\Program Files (x86)\Intel\iCLS Client\;C:\Program Files\Intel\iCLS Client\;C:\windows\system32;C:\windows;C:\windows\System32\Wbem;C:\windows\System32\WindowsPowerShell\v1.0\;C:\Program Files (x86)\Intel\Intel(R) Management Engine Components\DAL;C:\Program Files\Intel\Intel(R) Management Engine Components\DAL;C:\Program Files (x86)\Intel\Intel(R) Management Engine Components\IPT;C:\Program Files\Intel\Intel(R) Management Engine Components\IPT;C:\Program Files (x86)\NVIDIA Corporation\PhysX\Common;C:\Program Files\MySQL\MySQL Utilities 1.6\;C:\WINDOWS\system32;C:\WINDOWS;C:\WINDOWS\System32\Wbem;C:\WINDOWS\System32\WindowsPowerShell\v1.0\;D:\spark\scala-2.11.8\bin;C:\WINDOWS\System32\OpenSSH\;D:\apache-maven-3.2.2\bin;C:\hadoop\bin;C:\Program Files\TortoiseSVN\bin;C:\Program Files\Git\cmd;C:\Program Files (x86)\Microsoft SQL Server\100\Tools\Binn\;C:\Program Files\Microsoft SQL Server\100\Tools\Binn\;C:\Program Files\Microsoft SQL Server\100\DTS\Binn\;C:\Program Files (x86)\Microsoft SQL Server\100\Tools\Binn\VSShell\Common7\IDE\;C:\Program Files (x86)\Microsoft Visual Studio 9.0\Common7\IDE\PrivateAssemblies\;C:\Program Files (x86)\Microsoft SQL Server\100\DTS\Binn\;D:\Anaconda3;D:\Anaconda3\Library\mingw-w64\bin;D:\Anaconda3\Library\usr\bin;D:\Anaconda3\Library\bin;D:\Anaconda3\Scripts;D:\Program Files\Python37\Scripts\;D:\Program Files\Python37\;C:\Users\ZLian\AppData\Local\Microsoft\WindowsApps;D:\Program Files\Docker Toolbox;.
二月 23, 2019 3:26:46 下午 org.apache.coyote.AbstractProtocol init
信息: Initializing ProtocolHandler ["http-bio-9100"]
二月 23, 2019 3:26:46 下午 org.apache.coyote.AbstractProtocol init
信息: Initializing ProtocolHandler ["ajp-bio-8009"]
二月 23, 2019 3:26:46 下午 org.apache.catalina.startup.Catalina load
信息: Initialization processed in 559 ms
二月 23, 2019 3:26:46 下午 org.apache.catalina.core.StandardService startInternal
信息: Starting service Catalina
二月 23, 2019 3:26:46 下午 org.apache.catalina.core.StandardEngine startInternal
信息: Starting Servlet Engine: Apache Tomcat/7.0.52
二月 23, 2019 3:26:46 下午 org.apache.catalina.startup.HostConfig deployWAR
信息: Deploying web application archive D:\apache-tomcat-cas\webapps\cas.war
二月 23, 2019 3:26:59 下午 org.apache.catalina.startup.HostConfig deployDirectory
信息: Deploying web application directory D:\apache-tomcat-cas\webapps\docs
二月 23, 2019 3:27:03 下午 org.apache.catalina.startup.HostConfig deployDirectory
信息: Deploying web application directory D:\apache-tomcat-cas\webapps\examples
二月 23, 2019 3:27:05 下午 org.apache.catalina.startup.HostConfig deployDirectory
信息: Deploying web application directory D:\apache-tomcat-cas\webapps\host-manager
二月 23, 2019 3:27:05 下午 org.apache.catalina.startup.HostConfig deployDirectory
信息: Deploying web application directory D:\apache-tomcat-cas\webapps\manager
二月 23, 2019 3:27:05 下午 org.apache.catalina.startup.HostConfig deployDirectory
信息: Deploying web application directory D:\apache-tomcat-cas\webapps\ROOT
二月 23, 2019 3:27:05 下午 org.apache.coyote.AbstractProtocol start
信息: Starting ProtocolHandler ["http-bio-9100"]
二月 23, 2019 3:27:05 下午 org.apache.coyote.AbstractProtocol start
信息: Starting ProtocolHandler ["ajp-bio-8009"]
二月 23, 2019 3:27:05 下午 org.apache.catalina.startup.Catalina start
信息: Server startup in 18732 ms
二月 23, 2019 3:29:51 下午 org.apache.catalina.core.AprLifecycleListener init
信息: The APR based Apache Tomcat Native library which allows optimal performance in production environments was not found on the java.library.path: C:\Program Files\Java\jdk1.8.0_181\bin;C:\WINDOWS\Sun\Java\bin;C:\WINDOWS\system32;C:\WINDOWS;C:\Program Files\Java\jdk1.8.0_181\bin;C:\Program Files (x86)\Intel\iCLS Client\;C:\Program Files\Intel\iCLS Client\;C:\windows\system32;C:\windows;C:\windows\System32\Wbem;C:\windows\System32\WindowsPowerShell\v1.0\;C:\Program Files (x86)\Intel\Intel(R) Management Engine Components\DAL;C:\Program Files\Intel\Intel(R) Management Engine Components\DAL;C:\Program Files (x86)\Intel\Intel(R) Management Engine Components\IPT;C:\Program Files\Intel\Intel(R) Management Engine Components\IPT;C:\Program Files (x86)\NVIDIA Corporation\PhysX\Common;C:\Program Files\MySQL\MySQL Utilities 1.6\;C:\WINDOWS\system32;C:\WINDOWS;C:\WINDOWS\System32\Wbem;C:\WINDOWS\System32\WindowsPowerShell\v1.0\;D:\spark\scala-2.11.8\bin;C:\WINDOWS\System32\OpenSSH\;D:\apache-maven-3.2.2\bin;C:\hadoop\bin;C:\Program Files\TortoiseSVN\bin;C:\Program Files\Git\cmd;C:\Program Files (x86)\Microsoft SQL Server\100\Tools\Binn\;C:\Program Files\Microsoft SQL Server\100\Tools\Binn\;C:\Program Files\Microsoft SQL Server\100\DTS\Binn\;C:\Program Files (x86)\Microsoft SQL Server\100\Tools\Binn\VSShell\Common7\IDE\;C:\Program Files (x86)\Microsoft Visual Studio 9.0\Common7\IDE\PrivateAssemblies\;C:\Program Files (x86)\Microsoft SQL Server\100\DTS\Binn\;D:\Anaconda3;D:\Anaconda3\Library\mingw-w64\bin;D:\Anaconda3\Library\usr\bin;D:\Anaconda3\Library\bin;D:\Anaconda3\Scripts;D:\Program Files\Python37\Scripts\;D:\Program Files\Python37\;C:\Users\ZLian\AppData\Local\Microsoft\WindowsApps;D:\Program Files\Docker Toolbox;.
二月 23, 2019 3:29:51 下午 org.apache.coyote.AbstractProtocol init
信息: Initializing ProtocolHandler ["http-bio-9100"]
二月 23, 2019 3:29:51 下午 org.apache.coyote.AbstractProtocol init
信息: Initializing ProtocolHandler ["ajp-bio-8009"]
二月 23, 2019 3:29:51 下午 org.apache.catalina.startup.Catalina load
信息: Initialization processed in 831 ms
二月 23, 2019 3:29:52 下午 org.apache.catalina.core.StandardService startInternal
信息: Starting service Catalina
二月 23, 2019 3:29:52 下午 org.apache.catalina.core.StandardEngine startInternal
信息: Starting Servlet Engine: Apache Tomcat/7.0.52
二月 23, 2019 3:29:52 下午 org.apache.catalina.startup.HostConfig deployWAR
信息: Deploying web application archive D:\apache-tomcat-cas\webapps\cas.war
二月 23, 2019 3:30:02 下午 org.apache.catalina.startup.HostConfig deployDirectory
信息: Deploying web application directory D:\apache-tomcat-cas\webapps\docs
二月 23, 2019 3:30:02 下午 org.apache.catalina.startup.HostConfig deployDirectory
信息: Deploying web application directory D:\apache-tomcat-cas\webapps\examples
二月 23, 2019 3:30:02 下午 org.apache.catalina.startup.HostConfig deployDirectory
信息: Deploying web application directory D:\apache-tomcat-cas\webapps\host-manager
二月 23, 2019 3:30:02 下午 org.apache.catalina.startup.HostConfig deployDirectory
信息: Deploying web application directory D:\apache-tomcat-cas\webapps\manager
二月 23, 2019 3:30:03 下午 org.apache.catalina.startup.HostConfig deployDirectory
信息: Deploying web application directory D:\apache-tomcat-cas\webapps\ROOT
二月 23, 2019 3:30:03 下午 org.apache.coyote.AbstractProtocol start
信息: Starting ProtocolHandler ["http-bio-9100"]
二月 23, 2019 3:30:03 下午 org.apache.coyote.AbstractProtocol start
信息: Starting ProtocolHandler ["ajp-bio-8009"]
二月 23, 2019 3:30:03 下午 org.apache.catalina.startup.Catalina start
信息: Server startup in 11100 ms
二月 23, 2019 4:22:35 下午 org.apache.catalina.core.StandardServer await
警告: StandardServer.await: Invalid command '' received
二月 23, 2019 4:30:52 下午 org.apache.catalina.core.StandardServer await
警告: StandardServer.await: Invalid command '' received
二月 23, 2019 4:46:26 下午 org.apache.catalina.core.StandardServer await
警告: StandardServer.await: Invalid command '' received
