四月 16, 2019 9:18:44 下午 org.apache.catalina.core.AprLifecycleListener init
信息: The APR based Apache Tomcat Native library which allows optimal performance in production environments was not found on the java.library.path: C:\Program Files\Java\jdk1.8.0_181\bin;C:\WINDOWS\Sun\Java\bin;C:\WINDOWS\system32;C:\WINDOWS;C:\Program Files\Java\jdk1.8.0_181\bin;C:\Program Files (x86)\Intel\iCLS Client\;C:\Program Files\Intel\iCLS Client\;C:\windows\system32;C:\windows;C:\windows\System32\Wbem;C:\windows\System32\WindowsPowerShell\v1.0\;C:\Program Files (x86)\Intel\Intel(R) Management Engine Components\DAL;C:\Program Files\Intel\Intel(R) Management Engine Components\DAL;C:\Program Files (x86)\Intel\Intel(R) Management Engine Components\IPT;C:\Program Files\Intel\Intel(R) Management Engine Components\IPT;C:\Program Files (x86)\NVIDIA Corporation\PhysX\Common;C:\Program Files\MySQL\MySQL Utilities 1.6\;C:\WINDOWS\system32;C:\WINDOWS;C:\WINDOWS\System32\Wbem;C:\WINDOWS\System32\WindowsPowerShell\v1.0\;D:\spark\scala-2.11.8\bin;C:\WINDOWS\System32\OpenSSH\;D:\apache-maven-3.2.2\bin;C:\hadoop\bin;C:\Program Files\TortoiseSVN\bin;C:\Program Files\Git\cmd;C:\Program Files (x86)\Microsoft SQL Server\100\Tools\Binn\;C:\Program Files\Microsoft SQL Server\100\Tools\Binn\;C:\Program Files\Microsoft SQL Server\100\DTS\Binn\;C:\Program Files (x86)\Microsoft SQL Server\100\Tools\Binn\VSShell\Common7\IDE\;C:\Program Files (x86)\Microsoft Visual Studio 9.0\Common7\IDE\PrivateAssemblies\;C:\Program Files (x86)\Microsoft SQL Server\100\DTS\Binn\;D:\Program Files\Go\bin;D:\Program Files\Python37\Scripts\;D:\Program Files\Python37\;C:\Users\ZLian\AppData\Local\Microsoft\WindowsApps;D:\Program Files\Docker Toolbox;C:\Users\ZLian\go\bin;D:\Program Files\JetBrains\GoLand 2018.3.5\bin;;.
四月 16, 2019 9:18:45 下午 org.apache.coyote.AbstractProtocol init
信息: Initializing ProtocolHandler ["http-bio-9100"]
四月 16, 2019 9:18:45 下午 org.apache.coyote.AbstractProtocol init
信息: Initializing ProtocolHandler ["ajp-bio-8009"]
四月 16, 2019 9:18:45 下午 org.apache.catalina.startup.Catalina load
信息: Initialization processed in 781 ms
四月 16, 2019 9:18:45 下午 org.apache.catalina.core.StandardService startInternal
信息: Starting service Catalina
四月 16, 2019 9:18:45 下午 org.apache.catalina.core.StandardEngine startInternal
信息: Starting Servlet Engine: Apache Tomcat/7.0.52
四月 16, 2019 9:18:45 下午 org.apache.catalina.startup.HostConfig deployWAR
信息: Deploying web application archive D:\apache-tomcat-cas\webapps\cas.war
四月 16, 2019 9:18:55 下午 org.apache.catalina.startup.HostConfig deployDirectory
信息: Deploying web application directory D:\apache-tomcat-cas\webapps\docs
四月 16, 2019 9:18:55 下午 org.apache.catalina.startup.HostConfig deployDirectory
信息: Deploying web application directory D:\apache-tomcat-cas\webapps\examples
四月 16, 2019 9:18:55 下午 org.apache.catalina.startup.HostConfig deployDirectory
信息: Deploying web application directory D:\apache-tomcat-cas\webapps\host-manager
四月 16, 2019 9:18:55 下午 org.apache.catalina.startup.HostConfig deployDirectory
信息: Deploying web application directory D:\apache-tomcat-cas\webapps\manager
四月 16, 2019 9:18:55 下午 org.apache.catalina.startup.HostConfig deployDirectory
信息: Deploying web application directory D:\apache-tomcat-cas\webapps\ROOT
四月 16, 2019 9:18:55 下午 org.apache.coyote.AbstractProtocol start
信息: Starting ProtocolHandler ["http-bio-9100"]
四月 16, 2019 9:18:55 下午 org.apache.coyote.AbstractProtocol start
信息: Starting ProtocolHandler ["ajp-bio-8009"]
四月 16, 2019 9:18:55 下午 org.apache.catalina.startup.Catalina start
信息: Server startup in 10441 ms
四月 16, 2019 10:51:39 下午 org.apache.catalina.core.AprLifecycleListener init
信息: The APR based Apache Tomcat Native library which allows optimal performance in production environments was not found on the java.library.path: C:\Program Files\Java\jdk1.8.0_181\bin;C:\WINDOWS\Sun\Java\bin;C:\WINDOWS\system32;C:\WINDOWS;C:\Program Files\Java\jdk1.8.0_181\bin;C:\Program Files (x86)\Intel\iCLS Client\;C:\Program Files\Intel\iCLS Client\;C:\windows\system32;C:\windows;C:\windows\System32\Wbem;C:\windows\System32\WindowsPowerShell\v1.0\;C:\Program Files (x86)\Intel\Intel(R) Management Engine Components\DAL;C:\Program Files\Intel\Intel(R) Management Engine Components\DAL;C:\Program Files (x86)\Intel\Intel(R) Management Engine Components\IPT;C:\Program Files\Intel\Intel(R) Management Engine Components\IPT;C:\Program Files (x86)\NVIDIA Corporation\PhysX\Common;C:\Program Files\MySQL\MySQL Utilities 1.6\;C:\WINDOWS\system32;C:\WINDOWS;C:\WINDOWS\System32\Wbem;C:\WINDOWS\System32\WindowsPowerShell\v1.0\;D:\spark\scala-2.11.8\bin;C:\WINDOWS\System32\OpenSSH\;D:\apache-maven-3.2.2\bin;C:\hadoop\bin;C:\Program Files\TortoiseSVN\bin;C:\Program Files\Git\cmd;C:\Program Files (x86)\Microsoft SQL Server\100\Tools\Binn\;C:\Program Files\Microsoft SQL Server\100\Tools\Binn\;C:\Program Files\Microsoft SQL Server\100\DTS\Binn\;C:\Program Files (x86)\Microsoft SQL Server\100\Tools\Binn\VSShell\Common7\IDE\;C:\Program Files (x86)\Microsoft Visual Studio 9.0\Common7\IDE\PrivateAssemblies\;C:\Program Files (x86)\Microsoft SQL Server\100\DTS\Binn\;D:\Program Files\Go\bin;D:\Program Files\Python37\Scripts\;D:\Program Files\Python37\;C:\Users\ZLian\AppData\Local\Microsoft\WindowsApps;D:\Program Files\Docker Toolbox;C:\Users\ZLian\go\bin;D:\Program Files\JetBrains\GoLand 2018.3.5\bin;;.
四月 16, 2019 10:51:39 下午 org.apache.coyote.AbstractProtocol init
信息: Initializing ProtocolHandler ["http-bio-9100"]
四月 16, 2019 10:51:39 下午 org.apache.coyote.AbstractProtocol init
信息: Initializing ProtocolHandler ["ajp-bio-8009"]
四月 16, 2019 10:51:39 下午 org.apache.catalina.startup.Catalina load
信息: Initialization processed in 721 ms
四月 16, 2019 10:51:40 下午 org.apache.catalina.core.StandardService startInternal
信息: Starting service Catalina
四月 16, 2019 10:51:40 下午 org.apache.catalina.core.StandardEngine startInternal
信息: Starting Servlet Engine: Apache Tomcat/7.0.52
四月 16, 2019 10:51:40 下午 org.apache.catalina.startup.HostConfig deployWAR
信息: Deploying web application archive D:\apache-tomcat-cas\webapps\cas.war
四月 16, 2019 10:51:52 下午 org.apache.catalina.startup.HostConfig deployDirectory
信息: Deploying web application directory D:\apache-tomcat-cas\webapps\docs
四月 16, 2019 10:51:52 下午 org.apache.catalina.startup.HostConfig deployDirectory
信息: Deploying web application directory D:\apache-tomcat-cas\webapps\examples
四月 16, 2019 10:51:53 下午 org.apache.catalina.startup.HostConfig deployDirectory
信息: Deploying web application directory D:\apache-tomcat-cas\webapps\host-manager
四月 16, 2019 10:51:53 下午 org.apache.catalina.startup.HostConfig deployDirectory
信息: Deploying web application directory D:\apache-tomcat-cas\webapps\manager
四月 16, 2019 10:51:53 下午 org.apache.catalina.startup.HostConfig deployDirectory
信息: Deploying web application directory D:\apache-tomcat-cas\webapps\ROOT
四月 16, 2019 10:51:53 下午 org.apache.coyote.AbstractProtocol start
信息: Starting ProtocolHandler ["http-bio-9100"]
四月 16, 2019 10:51:53 下午 org.apache.coyote.AbstractProtocol start
信息: Starting ProtocolHandler ["ajp-bio-8009"]
四月 16, 2019 10:51:53 下午 org.apache.catalina.startup.Catalina start
信息: Server startup in 13650 ms
