二月 15, 2019 9:28:00 上午 org.apache.catalina.core.ApplicationContext log
信息: No Spring WebApplicationInitializer types detected on classpath
二月 15, 2019 9:28:00 上午 org.apache.catalina.core.ApplicationContext log
信息: Initializing Spring root WebApplicationContext
二月 15, 2019 9:28:04 上午 org.apache.catalina.core.ApplicationContext log
信息: Initializing Spring FrameworkServlet 'cas'
二月 15, 2019 9:28:06 上午 org.apache.catalina.core.ApplicationContext log
信息: ContextListener: contextInitialized()
二月 15, 2019 9:28:06 上午 org.apache.catalina.core.ApplicationContext log
信息: SessionListener: contextInitialized()
二月 15, 2019 9:28:06 上午 org.apache.catalina.core.ApplicationContext log
信息: ContextListener: attributeAdded('org.apache.jasper.compiler.TldLocationsCache', 'org.apache.jasper.compiler.TldLocationsCache@11c8764b')
二月 15, 2019 9:34:16 上午 org.apache.catalina.core.ApplicationContext log
信息: No Spring WebApplicationInitializer types detected on classpath
二月 15, 2019 9:34:16 上午 org.apache.catalina.core.ApplicationContext log
信息: Initializing Spring root WebApplicationContext
二月 15, 2019 9:34:20 上午 org.apache.catalina.core.ApplicationContext log
信息: Initializing Spring FrameworkServlet 'cas'
二月 15, 2019 9:34:22 上午 org.apache.catalina.core.ApplicationContext log
信息: ContextListener: contextInitialized()
二月 15, 2019 9:34:22 上午 org.apache.catalina.core.ApplicationContext log
信息: SessionListener: contextInitialized()
二月 15, 2019 9:34:22 上午 org.apache.catalina.core.ApplicationContext log
信息: ContextListener: attributeAdded('org.apache.jasper.compiler.TldLocationsCache', 'org.apache.jasper.compiler.TldLocationsCache@11a69d0f')
二月 15, 2019 12:47:08 下午 org.apache.catalina.core.ApplicationContext log
信息: No Spring WebApplicationInitializer types detected on classpath
二月 15, 2019 12:47:09 下午 org.apache.catalina.core.ApplicationContext log
信息: Initializing Spring root WebApplicationContext
二月 15, 2019 12:47:13 下午 org.apache.catalina.core.ApplicationContext log
信息: Initializing Spring FrameworkServlet 'cas'
二月 15, 2019 12:47:14 下午 org.apache.catalina.core.ApplicationContext log
信息: ContextListener: contextInitialized()
二月 15, 2019 12:47:14 下午 org.apache.catalina.core.ApplicationContext log
信息: SessionListener: contextInitialized()
二月 15, 2019 12:47:14 下午 org.apache.catalina.core.ApplicationContext log
信息: ContextListener: attributeAdded('org.apache.jasper.compiler.TldLocationsCache', 'org.apache.jasper.compiler.TldLocationsCache@787ebf0f')
