四月 16, 2019 9:18:50 下午 org.apache.catalina.core.ApplicationContext log
信息: No Spring WebApplicationInitializer types detected on classpath
四月 16, 2019 9:18:50 下午 org.apache.catalina.core.ApplicationContext log
信息: Initializing Spring root WebApplicationContext
四月 16, 2019 9:18:54 下午 org.apache.catalina.core.ApplicationContext log
信息: Initializing Spring FrameworkServlet 'cas'
四月 16, 2019 9:18:55 下午 org.apache.catalina.core.ApplicationContext log
信息: ContextListener: contextInitialized()
四月 16, 2019 9:18:55 下午 org.apache.catalina.core.ApplicationContext log
信息: SessionListener: contextInitialized()
四月 16, 2019 9:18:55 下午 org.apache.catalina.core.ApplicationContext log
信息: ContextListener: attributeAdded('org.apache.jasper.compiler.TldLocationsCache', 'org.apache.jasper.compiler.TldLocationsCache@3d9625d5')
四月 16, 2019 10:51:44 下午 org.apache.catalina.core.ApplicationContext log
信息: No Spring WebApplicationInitializer types detected on classpath
四月 16, 2019 10:51:45 下午 org.apache.catalina.core.ApplicationContext log
信息: Initializing Spring root WebApplicationContext
四月 16, 2019 10:51:51 下午 org.apache.catalina.core.ApplicationContext log
信息: Initializing Spring FrameworkServlet 'cas'
四月 16, 2019 10:51:53 下午 org.apache.catalina.core.ApplicationContext log
信息: ContextListener: contextInitialized()
四月 16, 2019 10:51:53 下午 org.apache.catalina.core.ApplicationContext log
信息: SessionListener: contextInitialized()
四月 16, 2019 10:51:53 下午 org.apache.catalina.core.ApplicationContext log
信息: ContextListener: attributeAdded('org.apache.jasper.compiler.TldLocationsCache', 'org.apache.jasper.compiler.TldLocationsCache@67ed0243')
