二月 24, 2019 3:14:29 下午 org.apache.catalina.core.ApplicationContext log
信息: No Spring WebApplicationInitializer types detected on classpath
二月 24, 2019 3:14:29 下午 org.apache.catalina.core.ApplicationContext log
信息: Initializing Spring root WebApplicationContext
二月 24, 2019 3:14:35 下午 org.apache.catalina.core.ApplicationContext log
信息: Initializing Spring FrameworkServlet 'cas'
二月 24, 2019 3:14:36 下午 org.apache.catalina.core.ApplicationContext log
信息: ContextListener: contextInitialized()
二月 24, 2019 3:14:36 下午 org.apache.catalina.core.ApplicationContext log
信息: SessionListener: contextInitialized()
二月 24, 2019 3:14:36 下午 org.apache.catalina.core.ApplicationContext log
信息: ContextListener: attributeAdded('org.apache.jasper.compiler.TldLocationsCache', 'org.apache.jasper.compiler.TldLocationsCache@2fbcdd9d')
二月 24, 2019 3:17:57 下午 org.apache.catalina.core.ApplicationContext log
信息: No Spring WebApplicationInitializer types detected on classpath
二月 24, 2019 3:17:57 下午 org.apache.catalina.core.ApplicationContext log
信息: Initializing Spring root WebApplicationContext
二月 24, 2019 3:18:01 下午 org.apache.catalina.core.ApplicationContext log
信息: Initializing Spring FrameworkServlet 'cas'
二月 24, 2019 3:18:03 下午 org.apache.catalina.core.ApplicationContext log
信息: ContextListener: contextInitialized()
二月 24, 2019 3:18:03 下午 org.apache.catalina.core.ApplicationContext log
信息: SessionListener: contextInitialized()
二月 24, 2019 3:18:03 下午 org.apache.catalina.core.ApplicationContext log
信息: ContextListener: attributeAdded('org.apache.jasper.compiler.TldLocationsCache', 'org.apache.jasper.compiler.TldLocationsCache@67ed0243')
二月 24, 2019 7:10:54 下午 org.apache.catalina.core.ApplicationContext log
信息: No Spring WebApplicationInitializer types detected on classpath
二月 24, 2019 7:10:54 下午 org.apache.catalina.core.ApplicationContext log
信息: Initializing Spring root WebApplicationContext
二月 24, 2019 7:11:00 下午 org.apache.catalina.core.ApplicationContext log
信息: Initializing Spring FrameworkServlet 'cas'
二月 24, 2019 7:11:02 下午 org.apache.catalina.core.ApplicationContext log
信息: ContextListener: contextInitialized()
二月 24, 2019 7:11:02 下午 org.apache.catalina.core.ApplicationContext log
信息: SessionListener: contextInitialized()
二月 24, 2019 7:11:02 下午 org.apache.catalina.core.ApplicationContext log
信息: ContextListener: attributeAdded('org.apache.jasper.compiler.TldLocationsCache', 'org.apache.jasper.compiler.TldLocationsCache@39c163ea')
二月 24, 2019 9:07:02 下午 org.apache.catalina.core.ApplicationContext log
信息: No Spring WebApplicationInitializer types detected on classpath
二月 24, 2019 9:07:02 下午 org.apache.catalina.core.ApplicationContext log
信息: Initializing Spring root WebApplicationContext
二月 24, 2019 9:07:05 下午 org.apache.catalina.core.ApplicationContext log
信息: Initializing Spring FrameworkServlet 'cas'
二月 24, 2019 9:07:06 下午 org.apache.catalina.core.ApplicationContext log
信息: ContextListener: contextInitialized()
二月 24, 2019 9:07:06 下午 org.apache.catalina.core.ApplicationContext log
信息: SessionListener: contextInitialized()
二月 24, 2019 9:07:06 下午 org.apache.catalina.core.ApplicationContext log
信息: ContextListener: attributeAdded('org.apache.jasper.compiler.TldLocationsCache', 'org.apache.jasper.compiler.TldLocationsCache@55b6c451')
