三月 21, 2019 12:42:42 下午 org.apache.catalina.core.ApplicationContext log
信息: No Spring WebApplicationInitializer types detected on classpath
三月 21, 2019 12:42:43 下午 org.apache.catalina.core.ApplicationContext log
信息: Initializing Spring root WebApplicationContext
三月 21, 2019 12:42:46 下午 org.apache.catalina.core.ApplicationContext log
信息: Initializing Spring FrameworkServlet 'cas'
三月 21, 2019 12:42:47 下午 org.apache.catalina.core.ApplicationContext log
信息: ContextListener: contextInitialized()
三月 21, 2019 12:42:47 下午 org.apache.catalina.core.ApplicationContext log
信息: SessionListener: contextInitialized()
三月 21, 2019 12:42:47 下午 org.apache.catalina.core.ApplicationContext log
信息: ContextListener: attributeAdded('org.apache.jasper.compiler.TldLocationsCache', 'org.apache.jasper.compiler.TldLocationsCache@67ed0243')
三月 21, 2019 8:30:03 下午 org.apache.catalina.core.ApplicationContext log
信息: No Spring WebApplicationInitializer types detected on classpath
三月 21, 2019 8:30:03 下午 org.apache.catalina.core.ApplicationContext log
信息: Initializing Spring root WebApplicationContext
三月 21, 2019 8:30:08 下午 org.apache.catalina.core.ApplicationContext log
信息: Initializing Spring FrameworkServlet 'cas'
三月 21, 2019 8:30:09 下午 org.apache.catalina.core.ApplicationContext log
信息: ContextListener: contextInitialized()
三月 21, 2019 8:30:09 下午 org.apache.catalina.core.ApplicationContext log
信息: SessionListener: contextInitialized()
三月 21, 2019 8:30:09 下午 org.apache.catalina.core.ApplicationContext log
信息: ContextListener: attributeAdded('org.apache.jasper.compiler.TldLocationsCache', 'org.apache.jasper.compiler.TldLocationsCache@1afe5a77')
