四月 03, 2019 10:08:13 上午 org.apache.catalina.core.ApplicationContext log
信息: No Spring WebApplicationInitializer types detected on classpath
四月 03, 2019 10:08:13 上午 org.apache.catalina.core.ApplicationContext log
信息: Initializing Spring root WebApplicationContext
四月 03, 2019 10:08:17 上午 org.apache.catalina.core.ApplicationContext log
信息: Initializing Spring FrameworkServlet 'cas'
四月 03, 2019 10:08:18 上午 org.apache.catalina.core.ApplicationContext log
信息: ContextListener: contextInitialized()
四月 03, 2019 10:08:18 上午 org.apache.catalina.core.ApplicationContext log
信息: SessionListener: contextInitialized()
四月 03, 2019 10:08:18 上午 org.apache.catalina.core.ApplicationContext log
信息: ContextListener: attributeAdded('org.apache.jasper.compiler.TldLocationsCache', 'org.apache.jasper.compiler.TldLocationsCache@55b6c451')
四月 03, 2019 1:59:24 下午 org.apache.catalina.core.ApplicationContext log
信息: No Spring WebApplicationInitializer types detected on classpath
四月 03, 2019 1:59:24 下午 org.apache.catalina.core.ApplicationContext log
信息: Initializing Spring root WebApplicationContext
四月 03, 2019 1:59:28 下午 org.apache.catalina.core.ApplicationContext log
信息: Initializing Spring FrameworkServlet 'cas'
四月 03, 2019 1:59:29 下午 org.apache.catalina.core.ApplicationContext log
信息: ContextListener: contextInitialized()
四月 03, 2019 1:59:29 下午 org.apache.catalina.core.ApplicationContext log
信息: SessionListener: contextInitialized()
四月 03, 2019 1:59:29 下午 org.apache.catalina.core.ApplicationContext log
信息: ContextListener: attributeAdded('org.apache.jasper.compiler.TldLocationsCache', 'org.apache.jasper.compiler.TldLocationsCache@3d9625d5')
