二月 18, 2019 1:59:53 下午 org.apache.catalina.core.ApplicationContext log
信息: No Spring WebApplicationInitializer types detected on classpath
二月 18, 2019 1:59:53 下午 org.apache.catalina.core.ApplicationContext log
信息: Initializing Spring root WebApplicationContext
二月 18, 2019 1:59:57 下午 org.apache.catalina.core.ApplicationContext log
信息: Initializing Spring FrameworkServlet 'cas'
二月 18, 2019 1:59:59 下午 org.apache.catalina.core.ApplicationContext log
信息: ContextListener: contextInitialized()
二月 18, 2019 1:59:59 下午 org.apache.catalina.core.ApplicationContext log
信息: SessionListener: contextInitialized()
二月 18, 2019 1:59:59 下午 org.apache.catalina.core.ApplicationContext log
信息: ContextListener: attributeAdded('org.apache.jasper.compiler.TldLocationsCache', 'org.apache.jasper.compiler.TldLocationsCache@1b0d8f21')
二月 18, 2019 2:07:10 下午 org.apache.catalina.core.ApplicationContext log
信息: No Spring WebApplicationInitializer types detected on classpath
二月 18, 2019 2:07:10 下午 org.apache.catalina.core.ApplicationContext log
信息: Initializing Spring root WebApplicationContext
二月 18, 2019 2:07:14 下午 org.apache.catalina.core.ApplicationContext log
信息: Initializing Spring FrameworkServlet 'cas'
二月 18, 2019 2:07:16 下午 org.apache.catalina.core.ApplicationContext log
信息: ContextListener: contextInitialized()
二月 18, 2019 2:07:16 下午 org.apache.catalina.core.ApplicationContext log
信息: SessionListener: contextInitialized()
二月 18, 2019 2:07:16 下午 org.apache.catalina.core.ApplicationContext log
信息: ContextListener: attributeAdded('org.apache.jasper.compiler.TldLocationsCache', 'org.apache.jasper.compiler.TldLocationsCache@48627195')
