四月 13, 2019 12:11:40 下午 org.apache.catalina.core.ApplicationContext log
信息: No Spring WebApplicationInitializer types detected on classpath
四月 13, 2019 12:11:40 下午 org.apache.catalina.core.ApplicationContext log
信息: Initializing Spring root WebApplicationContext
四月 13, 2019 12:11:47 下午 org.apache.catalina.core.ApplicationContext log
信息: Initializing Spring FrameworkServlet 'cas'
四月 13, 2019 12:11:48 下午 org.apache.catalina.core.ApplicationContext log
信息: ContextListener: contextInitialized()
四月 13, 2019 12:11:48 下午 org.apache.catalina.core.ApplicationContext log
信息: SessionListener: contextInitialized()
四月 13, 2019 12:11:48 下午 org.apache.catalina.core.ApplicationContext log
信息: ContextListener: attributeAdded('org.apache.jasper.compiler.TldLocationsCache', 'org.apache.jasper.compiler.TldLocationsCache@2bc65a0a')
四月 13, 2019 1:16:30 下午 org.apache.catalina.core.ApplicationContext log
信息: No Spring WebApplicationInitializer types detected on classpath
四月 13, 2019 1:16:30 下午 org.apache.catalina.core.ApplicationContext log
信息: Initializing Spring root WebApplicationContext
四月 13, 2019 1:16:34 下午 org.apache.catalina.core.ApplicationContext log
信息: Initializing Spring FrameworkServlet 'cas'
四月 13, 2019 1:16:35 下午 org.apache.catalina.core.ApplicationContext log
信息: ContextListener: contextInitialized()
四月 13, 2019 1:16:35 下午 org.apache.catalina.core.ApplicationContext log
信息: SessionListener: contextInitialized()
四月 13, 2019 1:16:35 下午 org.apache.catalina.core.ApplicationContext log
信息: ContextListener: attributeAdded('org.apache.jasper.compiler.TldLocationsCache', 'org.apache.jasper.compiler.TldLocationsCache@67ed0243')
