四月 02, 2019 9:00:49 上午 org.apache.catalina.core.ApplicationContext log
信息: No Spring WebApplicationInitializer types detected on classpath
四月 02, 2019 9:00:49 上午 org.apache.catalina.core.ApplicationContext log
信息: Initializing Spring root WebApplicationContext
四月 02, 2019 9:00:54 上午 org.apache.catalina.core.ApplicationContext log
信息: Initializing Spring FrameworkServlet 'cas'
四月 02, 2019 9:00:56 上午 org.apache.catalina.core.ApplicationContext log
信息: ContextListener: contextInitialized()
四月 02, 2019 9:00:56 上午 org.apache.catalina.core.ApplicationContext log
信息: SessionListener: contextInitialized()
四月 02, 2019 9:00:56 上午 org.apache.catalina.core.ApplicationContext log
信息: ContextListener: attributeAdded('org.apache.jasper.compiler.TldLocationsCache', 'org.apache.jasper.compiler.TldLocationsCache@67ed0243')
四月 02, 2019 12:59:45 下午 org.apache.catalina.core.ApplicationContext log
信息: No Spring WebApplicationInitializer types detected on classpath
四月 02, 2019 12:59:46 下午 org.apache.catalina.core.ApplicationContext log
信息: Initializing Spring root WebApplicationContext
四月 02, 2019 12:59:51 下午 org.apache.catalina.core.ApplicationContext log
信息: Initializing Spring FrameworkServlet 'cas'
四月 02, 2019 12:59:52 下午 org.apache.catalina.core.ApplicationContext log
信息: ContextListener: contextInitialized()
四月 02, 2019 12:59:52 下午 org.apache.catalina.core.ApplicationContext log
信息: SessionListener: contextInitialized()
四月 02, 2019 12:59:52 下午 org.apache.catalina.core.ApplicationContext log
信息: ContextListener: attributeAdded('org.apache.jasper.compiler.TldLocationsCache', 'org.apache.jasper.compiler.TldLocationsCache@3d9625d5')
